*** Using Compiler 'V5.06 update 7 (build 960)', folder: 'D:\ARM\ARMCC\Bin'
Rebuild target 'AD9959'
assembling startup_stm32f407xx.s...
compiling stm32f4xx_ll_adc.c...
compiling adc.c...
compiling stm32f4xx_hal_flash.c...
compiling tim.c...
compiling stm32f4xx_it.c...
compiling stm32f4xx_hal_rcc_ex.c...
compiling stm32f4xx_hal_msp.c...
compiling gpio.c...
compiling usart.c...
compiling AD9834.c...
AD9834.h(95): warning:  #1-D: last line of file ends without a newline
   
AD9834.c: 1 warning, 0 errors
compiling stm32f4xx_hal_adc_ex.c...
compiling stm32f4xx_hal_rcc.c...
compiling dma.c...
compiling stm32f4xx_hal_adc.c...
compiling main.c...
../MDK-ARM/AD9834.h(95): warning:  #1-D: last line of file ends without a newline
   
../Core/Src/main.c: 1 warning, 0 errors
compiling stm32f4xx_hal_cortex.c...
compiling stm32f4xx_hal_dma_ex.c...
compiling stm32f4xx_hal_flash_ramfunc.c...
compiling stm32f4xx_hal_pwr.c...
compiling stm32f4xx_hal_exti.c...
compiling stm32f4xx_hal_gpio.c...
compiling system_stm32f4xx.c...
compiling stm32f4xx_hal_flash_ex.c...
compiling stm32f4xx_hal.c...
compiling stm32f4xx_hal_dma.c...
compiling stm32f4xx_hal_pwr_ex.c...
compiling stm32f4xx_hal_uart.c...
compiling stm32f4xx_hal_tim_ex.c...
compiling stm32f4xx_hal_tim.c...
compiling ad9959.c...
linking...
Program Size: Code=21696 RO-data=122780 RW-data=56 ZI-data=42488  
FromELF: creating hex file...
"AD9959\AD9959.axf" - 0 Error(s), 2 Warning(s).
Build Time Elapsed:  00:00:15
